<?xml version="1.0" encoding="UTF-8"?>
<!-- Generated by org.testng.reporters.JUnitReportReporter -->
<testsuite skipped="0" hostname="DESKTOP-INGQMR5" name="DW.DW002" tests="2" failures="0" timestamp="2020-09-28T13:31:02 IST" time="14.576" errors="0">
  <testcase name="LogOut" time="3.195" classname="DW.DW002"/>
  <system-out/>
  <testcase name="LogIn" time="11.381" classname="DW.DW002"/>
  <system-out/>
</testsuite> <!-- DW.DW002 -->
